<?xml version="1.0" encoding="UTF-8"?>
<testng-results ignored="0" total="1" passed="1" failed="0" skipped="0">
  <reporter-output>
  </reporter-output>
  <suite started-at="2023-09-26T15:53:01Z" name="AllTests" finished-at="2023-09-26T15:53:01Z" duration-ms="30">
    <groups>
    </groups>
    <test started-at="2023-09-26T15:53:01Z" name="All" finished-at="2023-09-26T15:53:01Z" duration-ms="30">
      <class name="mavenapp.MAven_app.testing.AppTest">
        <test-method signature="test()[pri:0, instance:mavenapp.MAven_app.testing.AppTest@4c58255]" started-at="2023-09-26T15:53:01Z" name="test" finished-at="2023-09-26T15:53:01Z" duration-ms="9" status="PASS">
          <reporter-output>
          </reporter-output>
        </test-method> <!-- test -->
      </class> <!-- mavenapp.MAven_app.testing.AppTest -->
    </test> <!-- All -->
  </suite> <!-- AllTests -->
</testng-results>
